\BOOKMARK [0][]{chapter*.3}{List of Figures}{}% 1
\BOOKMARK [0][]{chapter*.4}{List of Tables}{}% 2
\BOOKMARK [0][]{chapter.1}{1 Introduction}{}% 3
\BOOKMARK [1][]{section.1.1}{1.1 Purpose of this thesis}{chapter.1}% 4
\BOOKMARK [1][]{section.1.2}{1.2 Scope}{chapter.1}% 5
\BOOKMARK [1][]{section.1.3}{1.3 Initial assumptions}{chapter.1}% 6
\BOOKMARK [1][]{section.1.4}{1.4 Thesis Outline}{chapter.1}% 7
\BOOKMARK [0][]{chapter.2}{2 Fundamentals}{}% 8
\BOOKMARK [1][]{section.2.1}{2.1 3-D reconstruction in general}{chapter.2}% 9
\BOOKMARK [2][]{subsection.2.1.1}{2.1.1 Feature extraction and corresponding points matching}{section.2.1}% 10
\BOOKMARK [2][]{subsection.2.1.2}{2.1.2 Fundamental \046 Essential Matrix estimations}{section.2.1}% 11
\BOOKMARK [2][]{subsection.2.1.3}{2.1.3 Camera parameters estimations}{section.2.1}% 12
\BOOKMARK [2][]{subsection.2.1.4}{2.1.4 Points Triangulation}{section.2.1}% 13
\BOOKMARK [1][]{section.2.2}{2.2 Structure from Motion}{chapter.2}% 14
\BOOKMARK [2][]{subsection.2.2.1}{2.2.1 3D Pose Estimation}{section.2.2}% 15
\BOOKMARK [2][]{subsection.2.2.2}{2.2.2 Homography estimation}{section.2.2}% 16
\BOOKMARK [2][]{subsection.2.2.3}{2.2.3 Structure Adjustment}{section.2.2}% 17
\BOOKMARK [1][]{section.2.3}{2.3 Mobile Sensors overviewwebsite:androidSensorOverview}{chapter.2}% 18
\BOOKMARK [2][]{subsection.2.3.1}{2.3.1 Accelerometerwebsite:accelerometer}{section.2.3}% 19
\BOOKMARK [2][]{subsection.2.3.2}{2.3.2 Gyroscopewebsite:gyroscope}{section.2.3}% 20
\BOOKMARK [2][]{subsection.2.3.3}{2.3.3 Magnetometerwebsite:magnetometer}{section.2.3}% 21
\BOOKMARK [2][]{subsection.2.3.4}{2.3.4 Sensor Fusionwebsite:sensorFustion}{section.2.3}% 22
\BOOKMARK [0][]{chapter.3}{3 Related Work}{}% 23
\BOOKMARK [0][]{chapter.4}{4 Concept}{}% 24
\BOOKMARK [1][]{section.4.1}{4.1 Requirements}{chapter.4}% 25
\BOOKMARK [1][]{section.4.2}{4.2 Enhancing epipolar geometry equations with initial rotation matrix}{chapter.4}% 26
\BOOKMARK [2][]{subsection.4.2.1}{4.2.1 Alternative 3-point algorithm for finding the translation}{section.4.2}% 27
\BOOKMARK [1][]{section.4.3}{4.3 Pose estimation}{chapter.4}% 28
\BOOKMARK [2][]{subsection.4.3.1}{4.3.1 Rotation enhancements}{section.4.3}% 29
\BOOKMARK [2][]{subsection.4.3.2}{4.3.2 Rotation \046 translation enhancements}{section.4.3}% 30
\BOOKMARK [1][]{section.4.4}{4.4 Known rotations \046 translations}{chapter.4}% 31
\BOOKMARK [1][]{section.4.5}{4.5 Reconstruction process strategy}{chapter.4}% 32
\BOOKMARK [0][]{chapter.5}{5 Implementation}{}% 33
\BOOKMARK [1][]{section.5.1}{5.1 Choosing Environment}{chapter.5}% 34
\BOOKMARK [1][]{section.5.2}{5.2 Project Structure}{chapter.5}% 35
\BOOKMARK [1][]{section.5.3}{5.3 "Sensor Enhanced Images Camera" - Android Gradle based project}{chapter.5}% 36
\BOOKMARK [2][]{subsection.5.3.1}{5.3.1 Installation}{section.5.3}% 37
\BOOKMARK [2][]{subsection.5.3.2}{5.3.2 User Interface}{section.5.3}% 38
\BOOKMARK [2][]{subsection.5.3.3}{5.3.3 Important Implementation Aspects}{section.5.3}% 39
\BOOKMARK [3][]{subsubsection.5.3.3.1}{5.3.3.1 Rotation calculation}{subsection.5.3.3}% 40
\BOOKMARK [3][]{subsubsection.5.3.3.2}{5.3.3.2 Custom heuristics for movement estimation}{subsection.5.3.3}% 41
\BOOKMARK [3][]{subsubsection.5.3.3.3}{5.3.3.3 Custom Sensor Data File format}{subsection.5.3.3}% 42
\BOOKMARK [1][]{section.5.4}{5.4 "Enhanced 3D Reconstructer" - OSX CMake-based project}{chapter.5}% 43
\BOOKMARK [2][]{subsection.5.4.1}{5.4.1 User Interface}{section.5.4}% 44
\BOOKMARK [3][]{subsubsection.5.4.1.1}{5.4.1.1 Test Efficiency}{subsection.5.4.1}% 45
\BOOKMARK [3][]{subsubsection.5.4.1.2}{5.4.1.2 Test reconstruction}{subsection.5.4.1}% 46
\BOOKMARK [2][]{subsection.5.4.2}{5.4.2 Important Implementation Aspects}{section.5.4}% 47
\BOOKMARK [3][]{subsubsection.5.4.2.1}{5.4.2.1 Rotation matrix generation}{subsection.5.4.2}% 48
\BOOKMARK [3][]{subsubsection.5.4.2.2}{5.4.2.2 Enhancing epipolar equations}{subsection.5.4.2}% 49
\BOOKMARK [3][]{subsubsection.5.4.2.3}{5.4.2.3 Alternative 3-point translation estimation}{subsection.5.4.2}% 50
\BOOKMARK [3][]{subsubsection.5.4.2.4}{5.4.2.4 Enhancing pose estimation}{subsection.5.4.2}% 51
\BOOKMARK [0][]{chapter.6}{6 Evaluation}{}% 52
\BOOKMARK [1][]{section.6.1}{6.1 Acquiring datasets}{chapter.6}% 53
\BOOKMARK [1][]{section.6.2}{6.2 Test Environment}{chapter.6}% 54
\BOOKMARK [1][]{section.6.3}{6.3 Testing initial pair reconstrucion methods}{chapter.6}% 55
\BOOKMARK [2][]{subsection.6.3.1}{6.3.1 Accuracy - Epipolar lines correspondence}{section.6.3}% 56
\BOOKMARK [2][]{subsection.6.3.2}{6.3.2 Time comparison}{section.6.3}% 57
\BOOKMARK [1][]{section.6.4}{6.4 Testing reconstruction strategies}{chapter.6}% 58
\BOOKMARK [2][]{subsection.6.4.1}{6.4.1 Accuracy}{section.6.4}% 59
\BOOKMARK [2][]{subsection.6.4.2}{6.4.2 Execution time}{section.6.4}% 60
\BOOKMARK [1][]{section.6.5}{6.5 Effectivness}{chapter.6}% 61
\BOOKMARK [0][]{chapter.7}{7 Conclusion}{}% 62
\BOOKMARK [1][]{section.7.1}{7.1 Summary}{chapter.7}% 63
\BOOKMARK [1][]{section.7.2}{7.2 Dissemination}{chapter.7}% 64
\BOOKMARK [1][]{section.7.3}{7.3 Problems Encountered}{chapter.7}% 65
\BOOKMARK [1][]{section.7.4}{7.4 Future work}{chapter.7}% 66
\BOOKMARK [0][]{chapter.8}{8 Materials \046 methods}{}% 67
\BOOKMARK [0][]{chapter*.34}{References}{}% 68
