\BOOKMARK [0][]{chapter*.2}{List of Figures}{}% 1
\BOOKMARK [0][]{chapter*.3}{List of Tables}{}% 2
\BOOKMARK [0][]{section*.4}{Acronyms}{}% 3
\BOOKMARK [0][]{chapter.1}{1 Introduction}{}% 4
\BOOKMARK [1][]{section.1.1}{1.1 Purpose of this thesis}{chapter.1}% 5
\BOOKMARK [1][]{section.1.2}{1.2 Scope}{chapter.1}% 6
\BOOKMARK [1][]{section.1.3}{1.3 Initial assumptions}{chapter.1}% 7
\BOOKMARK [1][]{section.1.4}{1.4 Thesis Outline}{chapter.1}% 8
\BOOKMARK [0][]{chapter.2}{2 Fundamentals}{}% 9
\BOOKMARK [1][]{section.2.1}{2.1 3-D reconstruction in general}{chapter.2}% 10
\BOOKMARK [2][]{subsection.2.1.1}{2.1.1 Feature extraction and corresponding points matching}{section.2.1}% 11
\BOOKMARK [2][]{subsection.2.1.2}{2.1.2 Fundamental \046 Essential Matrix estimations}{section.2.1}% 12
\BOOKMARK [2][]{subsection.2.1.3}{2.1.3 Camera parameters estimations}{section.2.1}% 13
\BOOKMARK [2][]{subsection.2.1.4}{2.1.4 Points Triangulation}{section.2.1}% 14
\BOOKMARK [1][]{section.2.2}{2.2 Structure from Motion}{chapter.2}% 15
\BOOKMARK [2][]{subsection.2.2.1}{2.2.1 3D Pose Estimation}{section.2.2}% 16
\BOOKMARK [2][]{subsection.2.2.2}{2.2.2 Homography estimation}{section.2.2}% 17
\BOOKMARK [2][]{subsection.2.2.3}{2.2.3 Structure Adjustment}{section.2.2}% 18
\BOOKMARK [1][]{section.2.3}{2.3 Mobile Sensors overview}{chapter.2}% 19
\BOOKMARK [2][]{subsection.2.3.1}{2.3.1 Accelerometer}{section.2.3}% 20
\BOOKMARK [2][]{subsection.2.3.2}{2.3.2 Gyroscope}{section.2.3}% 21
\BOOKMARK [2][]{subsection.2.3.3}{2.3.3 Magnetometer}{section.2.3}% 22
\BOOKMARK [2][]{subsection.2.3.4}{2.3.4 Sensor Fusion}{section.2.3}% 23
\BOOKMARK [0][]{chapter.3}{3 Related Work}{}% 24
\BOOKMARK [0][]{chapter.4}{4 Concept}{}% 25
\BOOKMARK [1][]{section.4.1}{4.1 Requirements}{chapter.4}% 26
\BOOKMARK [1][]{section.4.2}{4.2 Enhancing epipolar geometry equations with initial rotation matrix}{chapter.4}% 27
\BOOKMARK [2][]{subsection.4.2.1}{4.2.1 Alternative 3-point algorithm for finading a translation}{section.4.2}% 28
\BOOKMARK [1][]{section.4.3}{4.3 Pose estimation}{chapter.4}% 29
\BOOKMARK [2][]{subsection.4.3.1}{4.3.1 Rotation enhancements}{section.4.3}% 30
\BOOKMARK [2][]{subsection.4.3.2}{4.3.2 Rotation \046 translation enhancements}{section.4.3}% 31
\BOOKMARK [1][]{section.4.4}{4.4 Known rotations \046 translations}{chapter.4}% 32
\BOOKMARK [1][]{section.4.5}{4.5 Reconstruction process strategy}{chapter.4}% 33
\BOOKMARK [0][]{chapter.5}{5 Implementation}{}% 34
\BOOKMARK [1][]{section.5.1}{5.1 Choosing Environment}{chapter.5}% 35
\BOOKMARK [1][]{section.5.2}{5.2 Project Structure}{chapter.5}% 36
\BOOKMARK [1][]{section.5.3}{5.3 "Sensor Enhanced Images Camera" - Android Gradle based project}{chapter.5}% 37
\BOOKMARK [2][]{subsection.5.3.1}{5.3.1 Installation}{section.5.3}% 38
\BOOKMARK [2][]{subsection.5.3.2}{5.3.2 User Interface}{section.5.3}% 39
\BOOKMARK [2][]{subsection.5.3.3}{5.3.3 Important Implementation Aspects}{section.5.3}% 40
\BOOKMARK [3][]{subsubsection.5.3.3.1}{5.3.3.1 Rotation calculation}{subsection.5.3.3}% 41
\BOOKMARK [3][]{subsubsection.5.3.3.2}{5.3.3.2 Custom heuristics for move estimation}{subsection.5.3.3}% 42
\BOOKMARK [3][]{subsubsection.5.3.3.3}{5.3.3.3 Custom Sensor Data File format}{subsection.5.3.3}% 43
\BOOKMARK [1][]{section.5.4}{5.4 "Enhanced 3D Reconstructer" - OSX CMake-based project}{chapter.5}% 44
\BOOKMARK [2][]{subsection.5.4.1}{5.4.1 User Interface}{section.5.4}% 45
\BOOKMARK [3][]{subsubsection.5.4.1.1}{5.4.1.1 Test Efficiency}{subsection.5.4.1}% 46
\BOOKMARK [3][]{subsubsection.5.4.1.2}{5.4.1.2 Test reconstruction}{subsection.5.4.1}% 47
\BOOKMARK [2][]{subsection.5.4.2}{5.4.2 Important Implementation Aspects}{section.5.4}% 48
\BOOKMARK [3][]{subsubsection.5.4.2.1}{5.4.2.1 Rotation matrix generation}{subsection.5.4.2}% 49
\BOOKMARK [3][]{subsubsection.5.4.2.2}{5.4.2.2 Enhancing epipolar equations}{subsection.5.4.2}% 50
\BOOKMARK [3][]{subsubsection.5.4.2.3}{5.4.2.3 Alternative 3-point translation estimation}{subsection.5.4.2}% 51
\BOOKMARK [3][]{subsubsection.5.4.2.4}{5.4.2.4 Enhancing pose estimation}{subsection.5.4.2}% 52
\BO